*********************************************************************
* LD Score Regression (LDSC)
* Version 1.0.0
* (C) 2014-2015 Brendan Bulik-Sullivan and Hilary Finucane
* Broad Institute of MIT and Harvard / MIT Department of Mathematics
* GNU General Public License v3
*********************************************************************
Call: 
./ldsc.py \
--ref-ld-chr ../6.047-Data/eur_w_ld_chr/ \
--out bip_3_36044_49857698.0.sumstats.gz_scz_3_36044_49857698.0.sumstats.gz \
--rg bip_3_36044_49857698.0.sumstats.gz,scz_3_36044_49857698.0.sumstats.gz \
--w-ld-chr ../6.047-Data/eur_w_ld_chr/ 

Beginning analysis at Fri Dec  9 00:16:25 2016
Reading summary statistics from bip_3_36044_49857698.0.sumstats.gz ...
Read summary statistics for 16475 SNPs.
Reading reference panel LD Score from ../6.047-Data/eur_w_ld_chr/[1-22] ...
Error parsing reference panel LD Score.
Traceback (most recent call last):
  File "ldsc/ldsc.py", line 626, in <module>
    sumstats.estimate_rg(args, log)
  File "/home/sitara/Documents/6.047-FinalProject/ldsc/ldscore/sumstats.py", line 336, in estimate_rg
    alleles=True, dropna=True)
  File "/home/sitara/Documents/6.047-FinalProject/ldsc/ldscore/sumstats.py", line 242, in _read_ld_sumstats
    ref_ld = _read_ref_ld(args, log)
  File "/home/sitara/Documents/6.047-FinalProject/ldsc/ldscore/sumstats.py", line 81, in _read_ref_ld
    'reference panel LD Score', ps.ldscore_fromlist)
  File "/home/sitara/Documents/6.047-FinalProject/ldsc/ldscore/sumstats.py", line 154, in _read_chr_split_files
    raise e
CParserError: Error tokenizing data. C error: Calling read(nbytes) on source failed. Try engine='python'.

Analysis finished at Fri Dec  9 00:16:26 2016
Total time elapsed: 0.64s
