*********************************************************************
* LD Score Regression (LDSC)
* Version 1.0.0
* (C) 2014-2015 Brendan Bulik-Sullivan and Hilary Finucane
* Broad Institute of MIT and Harvard / MIT Department of Mathematics
* GNU General Public License v3
*********************************************************************
Call: 
./ldsc.py \
--ref-ld-chr ../6.047-Data/eur_w_ld_chr/ \
--out bip_1_5555776.0_6518414.0.sumstats.gz_scz_1_5555776.0_6518414.0.sumstats.gz \
--rg bip_1_5555776.0_6518414.0.sumstats.gz,scz_1_5555776.0_6518414.0.sumstats.gz \
--w-ld-chr ../6.047-Data/eur_w_ld_chr/ 

Beginning analysis at Fri Dec  9 00:18:58 2016
Reading summary statistics from bip_1_5555776.0_6518414.0.sumstats.gz ...
Read summary statistics for 240 SNPs.
Reading reference panel LD Score from ../6.047-Data/eur_w_ld_chr/[1-22] ...
Read reference panel LD Scores for 1290028 SNPs.
Removing partitioned LD Scores with zero variance.
Reading regression weight LD Score from ../6.047-Data/eur_w_ld_chr/[1-22] ...
Analysis finished at Fri Dec  9 00:19:03 2016
Total time elapsed: 4.97s
