*********************************************************************
* LD Score Regression (LDSC)
* Version 1.0.0
* (C) 2014-2015 Brendan Bulik-Sullivan and Hilary Finucane
* Broad Institute of MIT and Harvard / MIT Department of Mathematics
* GNU General Public License v3
*********************************************************************
Call: 
./ldsc.py \
--ref-ld-chr ../6.047-Data/eur_w_ld_chr/ \
--out bip_2_5703_(242669396,).sumstats.gz_scz_2_5703_(242669396,).sumstats.gz \
--rg bip_2_5703_(242669396,).sumstats.gz,scz_2_5703_(242669396,).sumstats.gz \
--w-ld-chr ../6.047-Data/eur_w_ld_chr/ 

Beginning analysis at Wed Dec  7 21:59:32 2016
Reading summary statistics from bip_2_5703_(242669396 ...
Traceback (most recent call last):
  File "ldsc/ldsc.py", line 626, in <module>
    sumstats.estimate_rg(args, log)
  File "/home/sitara/Documents/6.047-FinalProject/ldsc/ldscore/sumstats.py", line 336, in estimate_rg
    alleles=True, dropna=True)
  File "/home/sitara/Documents/6.047-FinalProject/ldsc/ldscore/sumstats.py", line 241, in _read_ld_sumstats
    sumstats = _read_sumstats(args, log, fh, alleles=alleles, dropna=dropna)
  File "/home/sitara/Documents/6.047-FinalProject/ldsc/ldscore/sumstats.py", line 162, in _read_sumstats
    sumstats = ps.sumstats(fh, alleles=alleles, dropna=dropna)
  File "/home/sitara/Documents/6.047-FinalProject/ldsc/ldscore/parse.py", line 79, in sumstats
    x = read_csv(fh, usecols=usecols, dtype=dtype_dict, compression=compression)
  File "/home/sitara/Documents/6.047-FinalProject/ldsc/ldscore/parse.py", line 20, in read_csv
    return pd.read_csv(fh, delim_whitespace=True, na_values='.', **kwargs)
  File "/home/sitara/anaconda2/lib/python2.7/site-packages/pandas/io/parsers.py", line 562, in parser_f
    return _read(filepath_or_buffer, kwds)
  File "/home/sitara/anaconda2/lib/python2.7/site-packages/pandas/io/parsers.py", line 315, in _read
    parser = TextFileReader(filepath_or_buffer, **kwds)
  File "/home/sitara/anaconda2/lib/python2.7/site-packages/pandas/io/parsers.py", line 645, in __init__
    self._make_engine(self.engine)
  File "/home/sitara/anaconda2/lib/python2.7/site-packages/pandas/io/parsers.py", line 799, in _make_engine
    self._engine = CParserWrapper(self.f, **self.options)
  File "/home/sitara/anaconda2/lib/python2.7/site-packages/pandas/io/parsers.py", line 1213, in __init__
    self._reader = _parser.TextReader(src, **kwds)
  File "pandas/parser.pyx", line 358, in pandas.parser.TextReader.__cinit__ (pandas/parser.c:3427)
  File "pandas/parser.pyx", line 628, in pandas.parser.TextReader._setup_parser_source (pandas/parser.c:6861)
IOError: File bip_2_5703_(242669396 does not exist

Analysis finished at Wed Dec  7 21:59:32 2016
Total time elapsed: 0.0s
