*********************************************************************
* LD Score Regression (LDSC)
* Version 1.0.0
* (C) 2014-2015 Brendan Bulik-Sullivan and Hilary Finucane
* Broad Institute of MIT and Harvard / MIT Department of Mathematics
* GNU General Public License v3
*********************************************************************
Call: 
./ldsc.py \
--ref-ld-chr ../6.047-Data/eur_w_ld_chr/ \
--out scz_bip \
--rg scz.sumstats.gz,bip.sumstats.gz \
--w-ld-chr ../6.047-Data/eur_w_ld_chr/ 

Beginning analysis at Mon Dec 05 23:08:20 2016
Reading summary statistics from scz.sumstats.gz ...
Read summary statistics for 844500 SNPs.
Reading reference panel LD Score from ../6.047-Data/eur_w_ld_chr/[1-22] ...
Read reference panel LD Scores for 1290028 SNPs.
Removing partitioned LD Scores with zero variance.
Reading regression weight LD Score from ../6.047-Data/eur_w_ld_chr/[1-22] ...
Read regression weight LD Scores for 1290028 SNPs.
After merging with reference panel LD, 838037 SNPs remain.
After merging with regression SNP LD, 838037 SNPs remain.
Computing rg for phenotype 2/2
Reading summary statistics from bip.sumstats.gz ...
Read summary statistics for 1217311 SNPs.
After merging with summary statistics, 838037 SNPs remain.
801004 SNPs with valid alleles.

Heritability of phenotype 1
---------------------------
Total Observed scale h2: 0.5639 (0.0396)
Lambda GC: 1.2038
Mean Chi^2: 1.2234
Intercept: 1.0059 (0.0102)
Ratio: 0.0264 (0.0457)

Heritability of phenotype 2/2
-----------------------------
Total Observed scale h2: 0.5107 (0.0499)
Lambda GC: 1.1364
Mean Chi^2: 1.1416
Intercept: 1.0028 (0.0095)
Ratio: 0.0196 (0.0669)

Genetic Covariance
------------------
Total Observed scale gencov: 0.3548 (0.0347)
Mean z1*z2: 0.1194
Intercept: 0.0048 (0.0065)

Genetic Correlation
-------------------
Genetic Correlation: 0.6611 (0.0608)
Z-score: 10.8714
P: 1.5768e-27


Summary of Genetic Correlation Results
p1               p2      rg      se        z           p  h2_obs  h2_obs_se  h2_int  h2_int_se  gcov_int  gcov_int_se
scz.sumstats.gz  bip.sumstats.gz  0.6611  0.0608  10.8714  1.5768e-27  0.5107     0.0499  1.0028     0.0095    0.0048       0.0065

Analysis finished at Mon Dec 05 23:08:36 2016
Total time elapsed: 16.23s
